<?xml version="1.0" encoding="UTF-8"?>
<!-- Generated by org.testng.reporters.JUnitReportReporter -->
<testsuite hostname="LAPTOP-G35UHTEH" failures="0" tests="1" name="Tests.AddingitemtocartTest" time="27.536" errors="0" timestamp="2024-10-08T16:23:57 CDT" skipped="0">
  <testcase classname="Tests.AddingitemtocartTest" name="Additemtocart" time="27.536"/>
</testsuite> <!-- Tests.AddingitemtocartTest -->
