<?xml version="1.0" encoding="UTF-8"?>
<!-- Generated by org.testng.reporters.JUnitReportReporter -->
<testsuite hostname="LAPTOP-G35UHTEH" failures="0" tests="1" name="Tests.LoginTest" time="20.296" errors="0" timestamp="2024-10-08T16:23:57 CDT" skipped="0">
  <testcase classname="Tests.LoginTest" name="login" time="20.296"/>
</testsuite> <!-- Tests.LoginTest -->
