<?xml version="1.0" encoding="UTF-8"?>
<!-- Generated by org.testng.reporters.JUnitReportReporter -->
<testsuite hostname="LAPTOP-G35UHTEH" failures="0" tests="1" name="Runner.runner" time="19.020" errors="0" timestamp="2024-10-10T10:56:19 CDT" skipped="0">
  <testcase classname="Runner.runner" name="runScenario" time="19.020"/>
</testsuite> <!-- Runner.runner -->
