<?xml version="1.0" encoding="UTF-8"?>
<!-- Generated by org.testng.reporters.JUnitReportReporter -->
<testsuite hostname="LAPTOP-G35UHTEH" failures="0" tests="1" name="Tests.LoginTest" time="10.134" errors="0" timestamp="2024-10-02T16:21:21 CDT" skipped="0">
  <testcase classname="Tests.LoginTest" name="login" time="10.134"/>
</testsuite> <!-- Tests.LoginTest -->
