<?xml version="1.0" encoding="UTF-8"?>
<!-- Generated by org.testng.reporters.JUnitReportReporter -->
<testsuite hostname="LAPTOP-G35UHTEH" failures="0" tests="1" name="Tests.AddingitemtocartTest" time="16.335" errors="0" timestamp="2024-10-02T16:21:21 CDT" skipped="0">
  <testcase classname="Tests.AddingitemtocartTest" name="Additemtocart" time="16.335"/>
</testsuite> <!-- Tests.AddingitemtocartTest -->
